Performing C SOURCE FILE Test CHECK_CPU_ARCHITECTURE_X86 failed with the following output:
Change Dir: /home/vchakhno/Hackathon/fractal/cpp/lib/SDL2/build/CMakeFiles/CMakeTmp

Run Build Command(s):/usr/bin/gmake -f Makefile cmTC_d6fd4/fast && /usr/bin/gmake  -f CMakeFiles/cmTC_d6fd4.dir/build.make CMakeFiles/cmTC_d6fd4.dir/build
gmake[1]: Entering directory '/home/vchakhno/Hackathon/fractal/cpp/lib/SDL2/build/CMakeFiles/CMakeTmp'
Building C object CMakeFiles/cmTC_d6fd4.dir/src.c.o
/usr/bin/cc -DCHECK_CPU_ARCHITECTURE_X86   -MD -MT CMakeFiles/cmTC_d6fd4.dir/src.c.o -MF CMakeFiles/cmTC_d6fd4.dir/src.c.o.d -o CMakeFiles/cmTC_d6fd4.dir/src.c.o -c /home/vchakhno/Hackathon/fractal/cpp/lib/SDL2/build/CMakeFiles/CMakeTmp/src.c
/home/vchakhno/Hackathon/fractal/cpp/lib/SDL2/build/CMakeFiles/CMakeTmp/src.c:6:3: error: use of undeclared identifier 'choke'
  choke
  ^
1 error generated.
gmake[1]: *** [CMakeFiles/cmTC_d6fd4.dir/build.make:79: CMakeFiles/cmTC_d6fd4.dir/src.c.o] Error 1
gmake[1]: Leaving directory '/home/vchakhno/Hackathon/fractal/cpp/lib/SDL2/build/CMakeFiles/CMakeTmp'
gmake: *** [Makefile:127: cmTC_d6fd4/fast] Error 2


Source file was:

int main(int argc, char *argv[]) {
#if defined(__i386__) || defined(__i486__) || defined(__i586__) || defined(__i686__) ||defined( __i386) || defined(_M_IX86)
  return 0;
#else
  choke
#endif
}

Performing C SOURCE FILE Test CHECK_CPU_ARCHITECTURE_ARM32 failed with the following output:
Change Dir: /home/vchakhno/Hackathon/fractal/cpp/lib/SDL2/build/CMakeFiles/CMakeTmp

Run Build Command(s):/usr/bin/gmake -f Makefile cmTC_77c17/fast && /usr/bin/gmake  -f CMakeFiles/cmTC_77c17.dir/build.make CMakeFiles/cmTC_77c17.dir/build
gmake[1]: Entering directory '/home/vchakhno/Hackathon/fractal/cpp/lib/SDL2/build/CMakeFiles/CMakeTmp'
Building C object CMakeFiles/cmTC_77c17.dir/src.c.o
/usr/bin/cc -DCHECK_CPU_ARCHITECTURE_ARM32   -MD -MT CMakeFiles/cmTC_77c17.dir/src.c.o -MF CMakeFiles/cmTC_77c17.dir/src.c.o.d -o CMakeFiles/cmTC_77c17.dir/src.c.o -c /home/vchakhno/Hackathon/fractal/cpp/lib/SDL2/build/CMakeFiles/CMakeTmp/src.c
/home/vchakhno/Hackathon/fractal/cpp/lib/SDL2/build/CMakeFiles/CMakeTmp/src.c:6:3: error: use of undeclared identifier 'choke'
  choke
  ^
1 error generated.
gmake[1]: *** [CMakeFiles/cmTC_77c17.dir/build.make:79: CMakeFiles/cmTC_77c17.dir/src.c.o] Error 1
gmake[1]: Leaving directory '/home/vchakhno/Hackathon/fractal/cpp/lib/SDL2/build/CMakeFiles/CMakeTmp'
gmake: *** [Makefile:127: cmTC_77c17/fast] Error 2


Source file was:

int main(int argc, char *argv[]) {
#if defined(__arm__) || defined(_M_ARM)
  return 0;
#else
  choke
#endif
}

Performing C SOURCE FILE Test CHECK_CPU_ARCHITECTURE_ARM64 failed with the following output:
Change Dir: /home/vchakhno/Hackathon/fractal/cpp/lib/SDL2/build/CMakeFiles/CMakeTmp

Run Build Command(s):/usr/bin/gmake -f Makefile cmTC_d7f97/fast && /usr/bin/gmake  -f CMakeFiles/cmTC_d7f97.dir/build.make CMakeFiles/cmTC_d7f97.dir/build
gmake[1]: Entering directory '/home/vchakhno/Hackathon/fractal/cpp/lib/SDL2/build/CMakeFiles/CMakeTmp'
Building C object CMakeFiles/cmTC_d7f97.dir/src.c.o
/usr/bin/cc -DCHECK_CPU_ARCHITECTURE_ARM64   -MD -MT CMakeFiles/cmTC_d7f97.dir/src.c.o -MF CMakeFiles/cmTC_d7f97.dir/src.c.o.d -o CMakeFiles/cmTC_d7f97.dir/src.c.o -c /home/vchakhno/Hackathon/fractal/cpp/lib/SDL2/build/CMakeFiles/CMakeTmp/src.c
/home/vchakhno/Hackathon/fractal/cpp/lib/SDL2/build/CMakeFiles/CMakeTmp/src.c:6:3: error: use of undeclared identifier 'choke'
  choke
  ^
1 error generated.
gmake[1]: *** [CMakeFiles/cmTC_d7f97.dir/build.make:79: CMakeFiles/cmTC_d7f97.dir/src.c.o] Error 1
gmake[1]: Leaving directory '/home/vchakhno/Hackathon/fractal/cpp/lib/SDL2/build/CMakeFiles/CMakeTmp'
gmake: *** [Makefile:127: cmTC_d7f97/fast] Error 2


Source file was:

int main(int argc, char *argv[]) {
#if defined(__aarch64__) || defined(_M_ARM64)
  return 0;
#else
  choke
#endif
}

Performing C SOURCE FILE Test CHECK_CPU_ARCHITECTURE_LOONGARCH64 failed with the following output:
Change Dir: /home/vchakhno/Hackathon/fractal/cpp/lib/SDL2/build/CMakeFiles/CMakeTmp

Run Build Command(s):/usr/bin/gmake -f Makefile cmTC_b6b73/fast && /usr/bin/gmake  -f CMakeFiles/cmTC_b6b73.dir/build.make CMakeFiles/cmTC_b6b73.dir/build
gmake[1]: Entering directory '/home/vchakhno/Hackathon/fractal/cpp/lib/SDL2/build/CMakeFiles/CMakeTmp'
Building C object CMakeFiles/cmTC_b6b73.dir/src.c.o
/usr/bin/cc -DCHECK_CPU_ARCHITECTURE_LOONGARCH64   -MD -MT CMakeFiles/cmTC_b6b73.dir/src.c.o -MF CMakeFiles/cmTC_b6b73.dir/src.c.o.d -o CMakeFiles/cmTC_b6b73.dir/src.c.o -c /home/vchakhno/Hackathon/fractal/cpp/lib/SDL2/build/CMakeFiles/CMakeTmp/src.c
/home/vchakhno/Hackathon/fractal/cpp/lib/SDL2/build/CMakeFiles/CMakeTmp/src.c:6:3: error: use of undeclared identifier 'choke'
  choke
  ^
1 error generated.
gmake[1]: *** [CMakeFiles/cmTC_b6b73.dir/build.make:79: CMakeFiles/cmTC_b6b73.dir/src.c.o] Error 1
gmake[1]: Leaving directory '/home/vchakhno/Hackathon/fractal/cpp/lib/SDL2/build/CMakeFiles/CMakeTmp'
gmake: *** [Makefile:127: cmTC_b6b73/fast] Error 2


Source file was:

int main(int argc, char *argv[]) {
#if defined(__loongarch64)
  return 0;
#else
  choke
#endif
}

Performing C SOURCE FILE Test HAVE_ALTIVEC_H_HDR failed with the following output:
Change Dir: /home/vchakhno/Hackathon/fractal/cpp/lib/SDL2/build/CMakeFiles/CMakeTmp

Run Build Command(s):/usr/bin/gmake -f Makefile cmTC_0ce06/fast && /usr/bin/gmake  -f CMakeFiles/cmTC_0ce06.dir/build.make CMakeFiles/cmTC_0ce06.dir/build
gmake[1]: Entering directory '/home/vchakhno/Hackathon/fractal/cpp/lib/SDL2/build/CMakeFiles/CMakeTmp'
Building C object CMakeFiles/cmTC_0ce06.dir/src.c.o
/usr/bin/cc -DHAVE_ALTIVEC_H_HDR  -idirafter "/home/vchakhno/Hackathon/fractal/cpp/lib/SDL2/src/video/khronos" -maltivec -MD -MT CMakeFiles/cmTC_0ce06.dir/src.c.o -MF CMakeFiles/cmTC_0ce06.dir/src.c.o.d -o CMakeFiles/cmTC_0ce06.dir/src.c.o -c /home/vchakhno/Hackathon/fractal/cpp/lib/SDL2/build/CMakeFiles/CMakeTmp/src.c
clang: warning: argument unused during compilation: '-maltivec' [-Wunused-command-line-argument]
In file included from /home/vchakhno/Hackathon/fractal/cpp/lib/SDL2/build/CMakeFiles/CMakeTmp/src.c:2:
/usr/lib/llvm-14/lib/clang/14.0.0/include/altivec.h:13:2: error: "AltiVec support not enabled"
#error "AltiVec support not enabled"
 ^
/usr/lib/llvm-14/lib/clang/14.0.0/include/altivec.h:50:19: error: unknown type name 'vector'
static __inline__ vector signed char __ATTRS_o_ai vec_perm(
                  ^
/usr/lib/llvm-14/lib/clang/14.0.0/include/altivec.h:51:5: error: unknown type name 'vector'
    vector signed char __a, vector signed char __b, vector unsigned char __c);
    ^
/usr/lib/llvm-14/lib/clang/14.0.0/include/altivec.h:51:29: error: unknown type name 'vector'
    vector signed char __a, vector signed char __b, vector unsigned char __c);
                            ^
/usr/lib/llvm-14/lib/clang/14.0.0/include/altivec.h:51:53: error: unknown type name 'vector'
    vector signed char __a, vector signed char __b, vector unsigned char __c);
                                                    ^
/usr/lib/llvm-14/lib/clang/14.0.0/include/altivec.h:53:19: error: unknown type name 'vector'
static __inline__ vector unsigned char __ATTRS_o_ai
                  ^
/usr/lib/llvm-14/lib/clang/14.0.0/include/altivec.h:54:10: error: unknown type name 'vector'
vec_perm(vector unsigned char __a, vector unsigned char __b,
         ^
/usr/lib/llvm-14/lib/clang/14.0.0/include/altivec.h:54:36: error: unknown type name 'vector'
vec_perm(vector unsigned char __a, vector unsigned char __b,
                                   ^
/usr/lib/llvm-14/lib/clang/14.0.0/include/altivec.h:55:10: error: unknown type name 'vector'
         vector unsigned char __c);
         ^
/usr/lib/llvm-14/lib/clang/14.0.0/include/altivec.h:57:19: error: unknown type name 'vector'
static __inline__ vector bool char __ATTRS_o_ai
                  ^
/usr/lib/llvm-14/lib/clang/14.0.0/include/altivec.h:57:8: error: 'inline' can only appear on functions
static __inline__ vector bool char __ATTRS_o_ai
       ^
/usr/lib/llvm-14/lib/clang/14.0.0/include/altivec.h:57:30: error: expected ';' after top level declarator
static __inline__ vector bool char __ATTRS_o_ai
                             ^
/usr/lib/llvm-14/lib/clang/14.0.0/include/altivec.h:58:10: error: unknown type name 'vector'
vec_perm(vector bool char __a, vector bool char __b, vector unsigned char __c);
         ^
/usr/lib/llvm-14/lib/clang/14.0.0/include/altivec.h:58:22: error: expected ')'
vec_perm(vector bool char __a, vector bool char __b, vector unsigned char __c);
                     ^
/usr/lib/llvm-14/lib/clang/14.0.0/include/altivec.h:58:9: note: to match this '('
vec_perm(vector bool char __a, vector bool char __b, vector unsigned char __c);
        ^
/usr/lib/llvm-14/lib/clang/14.0.0/include/altivec.h:60:19: error: unknown type name 'vector'
static __inline__ vector short __ATTRS_o_ai vec_perm(vector signed short __a,
                  ^
/usr/lib/llvm-14/lib/clang/14.0.0/include/altivec.h:60:54: error: unknown type name 'vector'
static __inline__ vector short __ATTRS_o_ai vec_perm(vector signed short __a,
                                                     ^
/usr/lib/llvm-14/lib/clang/14.0.0/include/altivec.h:61:54: error: unknown type name 'vector'
                                                     vector signed short __b,
                                                     ^
/usr/lib/llvm-14/lib/clang/14.0.0/include/altivec.h:62:54: error: unknown type name 'vector'
                                                     vector unsigned char __c);
                                                     ^
/usr/lib/llvm-14/lib/clang/14.0.0/include/altivec.h:64:19: error: unknown type name 'vector'
static __inline__ vector unsigned short __ATTRS_o_ai
                  ^
fatal error: too many errors emitted, stopping now [-ferror-limit=]
20 errors generated.
gmake[1]: *** [CMakeFiles/cmTC_0ce06.dir/build.make:79: CMakeFiles/cmTC_0ce06.dir/src.c.o] Error 1
gmake[1]: Leaving directory '/home/vchakhno/Hackathon/fractal/cpp/lib/SDL2/build/CMakeFiles/CMakeTmp'
gmake: *** [Makefile:127: cmTC_0ce06/fast] Error 2


Source file was:

          #include <altivec.h>
          vector unsigned int vzero() {
              return vec_splat_u32(0);
          }
          int main(int argc, char **argv) { return 0; }
Performing C SOURCE FILE Test CPU_SUPPORTS_ALTIVEC failed with the following output:
Change Dir: /home/vchakhno/Hackathon/fractal/cpp/lib/SDL2/build/CMakeFiles/CMakeTmp

Run Build Command(s):/usr/bin/gmake -f Makefile cmTC_1b114/fast && /usr/bin/gmake  -f CMakeFiles/cmTC_1b114.dir/build.make CMakeFiles/cmTC_1b114.dir/build
gmake[1]: Entering directory '/home/vchakhno/Hackathon/fractal/cpp/lib/SDL2/build/CMakeFiles/CMakeTmp'
Building C object CMakeFiles/cmTC_1b114.dir/src.c.o
/usr/bin/cc -DCPU_SUPPORTS_ALTIVEC  -idirafter "/home/vchakhno/Hackathon/fractal/cpp/lib/SDL2/src/video/khronos" -maltivec -MD -MT CMakeFiles/cmTC_1b114.dir/src.c.o -MF CMakeFiles/cmTC_1b114.dir/src.c.o.d -o CMakeFiles/cmTC_1b114.dir/src.c.o -c /home/vchakhno/Hackathon/fractal/cpp/lib/SDL2/build/CMakeFiles/CMakeTmp/src.c
clang: warning: argument unused during compilation: '-maltivec' [-Wunused-command-line-argument]
/home/vchakhno/Hackathon/fractal/cpp/lib/SDL2/build/CMakeFiles/CMakeTmp/src.c:2:11: error: unknown type name 'vector'
          vector unsigned int vzero() {
          ^
/home/vchakhno/Hackathon/fractal/cpp/lib/SDL2/build/CMakeFiles/CMakeTmp/src.c:3:22: warning: implicit declaration of function 'vec_splat_u32' is invalid in C99 [-Wimplicit-function-declaration]
              return vec_splat_u32(0);
                     ^
1 warning and 1 error generated.
gmake[1]: *** [CMakeFiles/cmTC_1b114.dir/build.make:79: CMakeFiles/cmTC_1b114.dir/src.c.o] Error 1
gmake[1]: Leaving directory '/home/vchakhno/Hackathon/fractal/cpp/lib/SDL2/build/CMakeFiles/CMakeTmp'
gmake: *** [Makefile:127: cmTC_1b114/fast] Error 2


Source file was:

          vector unsigned int vzero() {
              return vec_splat_u32(0);
          }
          int main(int argc, char **argv) { return 0; }
Determining if the include file libunwind.h exists failed with the following output:
Change Dir: /home/vchakhno/Hackathon/fractal/cpp/lib/SDL2/build/CMakeFiles/CMakeTmp

Run Build Command(s):/usr/bin/gmake -f Makefile cmTC_f2255/fast && /usr/bin/gmake  -f CMakeFiles/cmTC_f2255.dir/build.make CMakeFiles/cmTC_f2255.dir/build
gmake[1]: Entering directory '/home/vchakhno/Hackathon/fractal/cpp/lib/SDL2/build/CMakeFiles/CMakeTmp'
Building C object CMakeFiles/cmTC_f2255.dir/CheckIncludeFile.c.o
/usr/bin/cc   -idirafter "/home/vchakhno/Hackathon/fractal/cpp/lib/SDL2/src/video/khronos"  -D_GNU_SOURCE=1 -MD -MT CMakeFiles/cmTC_f2255.dir/CheckIncludeFile.c.o -MF CMakeFiles/cmTC_f2255.dir/CheckIncludeFile.c.o.d -o CMakeFiles/cmTC_f2255.dir/CheckIncludeFile.c.o -c /home/vchakhno/Hackathon/fractal/cpp/lib/SDL2/build/CMakeFiles/CMakeTmp/CheckIncludeFile.c
/home/vchakhno/Hackathon/fractal/cpp/lib/SDL2/build/CMakeFiles/CMakeTmp/CheckIncludeFile.c:1:10: fatal error: 'libunwind.h' file not found
#include <libunwind.h>
         ^~~~~~~~~~~~~
1 error generated.
gmake[1]: *** [CMakeFiles/cmTC_f2255.dir/build.make:79: CMakeFiles/cmTC_f2255.dir/CheckIncludeFile.c.o] Error 1
gmake[1]: Leaving directory '/home/vchakhno/Hackathon/fractal/cpp/lib/SDL2/build/CMakeFiles/CMakeTmp'
gmake: *** [Makefile:127: cmTC_f2255/fast] Error 2



Determining if the strlcpy exist failed with the following output:
Change Dir: /home/vchakhno/Hackathon/fractal/cpp/lib/SDL2/build/CMakeFiles/CMakeTmp

Run Build Command(s):/usr/bin/gmake -f Makefile cmTC_5d783/fast && /usr/bin/gmake  -f CMakeFiles/cmTC_5d783.dir/build.make CMakeFiles/cmTC_5d783.dir/build
gmake[1]: Entering directory '/home/vchakhno/Hackathon/fractal/cpp/lib/SDL2/build/CMakeFiles/CMakeTmp'
Building C object CMakeFiles/cmTC_5d783.dir/CheckSymbolExists.c.o
/usr/bin/cc   -idirafter "/home/vchakhno/Hackathon/fractal/cpp/lib/SDL2/src/video/khronos"  -D_GNU_SOURCE=1 -MD -MT CMakeFiles/cmTC_5d783.dir/CheckSymbolExists.c.o -MF CMakeFiles/cmTC_5d783.dir/CheckSymbolExists.c.o.d -o CMakeFiles/cmTC_5d783.dir/CheckSymbolExists.c.o -c /home/vchakhno/Hackathon/fractal/cpp/lib/SDL2/build/CMakeFiles/CMakeTmp/CheckSymbolExists.c
/home/vchakhno/Hackathon/fractal/cpp/lib/SDL2/build/CMakeFiles/CMakeTmp/CheckSymbolExists.c:14:19: error: use of undeclared identifier 'strlcpy'
  return ((int*)(&strlcpy))[argc];
                  ^
1 error generated.
gmake[1]: *** [CMakeFiles/cmTC_5d783.dir/build.make:79: CMakeFiles/cmTC_5d783.dir/CheckSymbolExists.c.o] Error 1
gmake[1]: Leaving directory '/home/vchakhno/Hackathon/fractal/cpp/lib/SDL2/build/CMakeFiles/CMakeTmp'
gmake: *** [Makefile:127: cmTC_5d783/fast] Error 2


File /home/vchakhno/Hackathon/fractal/cpp/lib/SDL2/build/CMakeFiles/CMakeTmp/CheckSymbolExists.c:
/* */
#include <stddef.h>
#include <stdarg.h>
#include <stdlib.h>
#include <string.h>
#include <stdio.h>
#include <wchar.h>
#include <float.h>

int main(int argc, char** argv)
{
  (void)argv;
#ifndef strlcpy
  return ((int*)(&strlcpy))[argc];
#else
  (void)argc;
  return 0;
#endif
}
Determining if the strlcat exist failed with the following output:
Change Dir: /home/vchakhno/Hackathon/fractal/cpp/lib/SDL2/build/CMakeFiles/CMakeTmp

Run Build Command(s):/usr/bin/gmake -f Makefile cmTC_7b8fe/fast && /usr/bin/gmake  -f CMakeFiles/cmTC_7b8fe.dir/build.make CMakeFiles/cmTC_7b8fe.dir/build
gmake[1]: Entering directory '/home/vchakhno/Hackathon/fractal/cpp/lib/SDL2/build/CMakeFiles/CMakeTmp'
Building C object CMakeFiles/cmTC_7b8fe.dir/CheckSymbolExists.c.o
/usr/bin/cc   -idirafter "/home/vchakhno/Hackathon/fractal/cpp/lib/SDL2/src/video/khronos"  -D_GNU_SOURCE=1 -MD -MT CMakeFiles/cmTC_7b8fe.dir/CheckSymbolExists.c.o -MF CMakeFiles/cmTC_7b8fe.dir/CheckSymbolExists.c.o.d -o CMakeFiles/cmTC_7b8fe.dir/CheckSymbolExists.c.o -c /home/vchakhno/Hackathon/fractal/cpp/lib/SDL2/build/CMakeFiles/CMakeTmp/CheckSymbolExists.c
/home/vchakhno/Hackathon/fractal/cpp/lib/SDL2/build/CMakeFiles/CMakeTmp/CheckSymbolExists.c:14:19: error: use of undeclared identifier 'strlcat'
  return ((int*)(&strlcat))[argc];
                  ^
1 error generated.
gmake[1]: *** [CMakeFiles/cmTC_7b8fe.dir/build.make:79: CMakeFiles/cmTC_7b8fe.dir/CheckSymbolExists.c.o] Error 1
gmake[1]: Leaving directory '/home/vchakhno/Hackathon/fractal/cpp/lib/SDL2/build/CMakeFiles/CMakeTmp'
gmake: *** [Makefile:127: cmTC_7b8fe/fast] Error 2


File /home/vchakhno/Hackathon/fractal/cpp/lib/SDL2/build/CMakeFiles/CMakeTmp/CheckSymbolExists.c:
/* */
#include <stddef.h>
#include <stdarg.h>
#include <stdlib.h>
#include <string.h>
#include <stdio.h>
#include <wchar.h>
#include <float.h>

int main(int argc, char** argv)
{
  (void)argv;
#ifndef strlcat
  return ((int*)(&strlcat))[argc];
#else
  (void)argc;
  return 0;
#endif
}
Determining if the _strrev exist failed with the following output:
Change Dir: /home/vchakhno/Hackathon/fractal/cpp/lib/SDL2/build/CMakeFiles/CMakeTmp

Run Build Command(s):/usr/bin/gmake -f Makefile cmTC_49896/fast && /usr/bin/gmake  -f CMakeFiles/cmTC_49896.dir/build.make CMakeFiles/cmTC_49896.dir/build
gmake[1]: Entering directory '/home/vchakhno/Hackathon/fractal/cpp/lib/SDL2/build/CMakeFiles/CMakeTmp'
Building C object CMakeFiles/cmTC_49896.dir/CheckSymbolExists.c.o
/usr/bin/cc   -idirafter "/home/vchakhno/Hackathon/fractal/cpp/lib/SDL2/src/video/khronos"  -D_GNU_SOURCE=1 -MD -MT CMakeFiles/cmTC_49896.dir/CheckSymbolExists.c.o -MF CMakeFiles/cmTC_49896.dir/CheckSymbolExists.c.o.d -o CMakeFiles/cmTC_49896.dir/CheckSymbolExists.c.o -c /home/vchakhno/Hackathon/fractal/cpp/lib/SDL2/build/CMakeFiles/CMakeTmp/CheckSymbolExists.c
/home/vchakhno/Hackathon/fractal/cpp/lib/SDL2/build/CMakeFiles/CMakeTmp/CheckSymbolExists.c:14:19: error: use of undeclared identifier '_strrev'
  return ((int*)(&_strrev))[argc];
                  ^
1 error generated.
gmake[1]: *** [CMakeFiles/cmTC_49896.dir/build.make:79: CMakeFiles/cmTC_49896.dir/CheckSymbolExists.c.o] Error 1
gmake[1]: Leaving directory '/home/vchakhno/Hackathon/fractal/cpp/lib/SDL2/build/CMakeFiles/CMakeTmp'
gmake: *** [Makefile:127: cmTC_49896/fast] Error 2


File /home/vchakhno/Hackathon/fractal/cpp/lib/SDL2/build/CMakeFiles/CMakeTmp/CheckSymbolExists.c:
/* */
#include <stddef.h>
#include <stdarg.h>
#include <stdlib.h>
#include <string.h>
#include <stdio.h>
#include <wchar.h>
#include <float.h>

int main(int argc, char** argv)
{
  (void)argv;
#ifndef _strrev
  return ((int*)(&_strrev))[argc];
#else
  (void)argc;
  return 0;
#endif
}
Determining if the _strupr exist failed with the following output:
Change Dir: /home/vchakhno/Hackathon/fractal/cpp/lib/SDL2/build/CMakeFiles/CMakeTmp

Run Build Command(s):/usr/bin/gmake -f Makefile cmTC_4d122/fast && /usr/bin/gmake  -f CMakeFiles/cmTC_4d122.dir/build.make CMakeFiles/cmTC_4d122.dir/build
gmake[1]: Entering directory '/home/vchakhno/Hackathon/fractal/cpp/lib/SDL2/build/CMakeFiles/CMakeTmp'
Building C object CMakeFiles/cmTC_4d122.dir/CheckSymbolExists.c.o
/usr/bin/cc   -idirafter "/home/vchakhno/Hackathon/fractal/cpp/lib/SDL2/src/video/khronos"  -D_GNU_SOURCE=1 -MD -MT CMakeFiles/cmTC_4d122.dir/CheckSymbolExists.c.o -MF CMakeFiles/cmTC_4d122.dir/CheckSymbolExists.c.o.d -o CMakeFiles/cmTC_4d122.dir/CheckSymbolExists.c.o -c /home/vchakhno/Hackathon/fractal/cpp/lib/SDL2/build/CMakeFiles/CMakeTmp/CheckSymbolExists.c
/home/vchakhno/Hackathon/fractal/cpp/lib/SDL2/build/CMakeFiles/CMakeTmp/CheckSymbolExists.c:14:19: error: use of undeclared identifier '_strupr'
  return ((int*)(&_strupr))[argc];
                  ^
1 error generated.
gmake[1]: *** [CMakeFiles/cmTC_4d122.dir/build.make:79: CMakeFiles/cmTC_4d122.dir/CheckSymbolExists.c.o] Error 1
gmake[1]: Leaving directory '/home/vchakhno/Hackathon/fractal/cpp/lib/SDL2/build/CMakeFiles/CMakeTmp'
gmake: *** [Makefile:127: cmTC_4d122/fast] Error 2


File /home/vchakhno/Hackathon/fractal/cpp/lib/SDL2/build/CMakeFiles/CMakeTmp/CheckSymbolExists.c:
/* */
#include <stddef.h>
#include <stdarg.h>
#include <stdlib.h>
#include <string.h>
#include <stdio.h>
#include <wchar.h>
#include <float.h>

int main(int argc, char** argv)
{
  (void)argv;
#ifndef _strupr
  return ((int*)(&_strupr))[argc];
#else
  (void)argc;
  return 0;
#endif
}
Determining if the _strlwr exist failed with the following output:
Change Dir: /home/vchakhno/Hackathon/fractal/cpp/lib/SDL2/build/CMakeFiles/CMakeTmp

Run Build Command(s):/usr/bin/gmake -f Makefile cmTC_0eb86/fast && /usr/bin/gmake  -f CMakeFiles/cmTC_0eb86.dir/build.make CMakeFiles/cmTC_0eb86.dir/build
gmake[1]: Entering directory '/home/vchakhno/Hackathon/fractal/cpp/lib/SDL2/build/CMakeFiles/CMakeTmp'
Building C object CMakeFiles/cmTC_0eb86.dir/CheckSymbolExists.c.o
/usr/bin/cc   -idirafter "/home/vchakhno/Hackathon/fractal/cpp/lib/SDL2/src/video/khronos"  -D_GNU_SOURCE=1 -MD -MT CMakeFiles/cmTC_0eb86.dir/CheckSymbolExists.c.o -MF CMakeFiles/cmTC_0eb86.dir/CheckSymbolExists.c.o.d -o CMakeFiles/cmTC_0eb86.dir/CheckSymbolExists.c.o -c /home/vchakhno/Hackathon/fractal/cpp/lib/SDL2/build/CMakeFiles/CMakeTmp/CheckSymbolExists.c
/home/vchakhno/Hackathon/fractal/cpp/lib/SDL2/build/CMakeFiles/CMakeTmp/CheckSymbolExists.c:14:19: error: use of undeclared identifier '_strlwr'
  return ((int*)(&_strlwr))[argc];
                  ^
1 error generated.
gmake[1]: *** [CMakeFiles/cmTC_0eb86.dir/build.make:79: CMakeFiles/cmTC_0eb86.dir/CheckSymbolExists.c.o] Error 1
gmake[1]: Leaving directory '/home/vchakhno/Hackathon/fractal/cpp/lib/SDL2/build/CMakeFiles/CMakeTmp'
gmake: *** [Makefile:127: cmTC_0eb86/fast] Error 2


File /home/vchakhno/Hackathon/fractal/cpp/lib/SDL2/build/CMakeFiles/CMakeTmp/CheckSymbolExists.c:
/* */
#include <stddef.h>
#include <stdarg.h>
#include <stdlib.h>
#include <string.h>
#include <stdio.h>
#include <wchar.h>
#include <float.h>

int main(int argc, char** argv)
{
  (void)argv;
#ifndef _strlwr
  return ((int*)(&_strlwr))[argc];
#else
  (void)argc;
  return 0;
#endif
}
Determining if the itoa exist failed with the following output:
Change Dir: /home/vchakhno/Hackathon/fractal/cpp/lib/SDL2/build/CMakeFiles/CMakeTmp

Run Build Command(s):/usr/bin/gmake -f Makefile cmTC_5939d/fast && /usr/bin/gmake  -f CMakeFiles/cmTC_5939d.dir/build.make CMakeFiles/cmTC_5939d.dir/build
gmake[1]: Entering directory '/home/vchakhno/Hackathon/fractal/cpp/lib/SDL2/build/CMakeFiles/CMakeTmp'
Building C object CMakeFiles/cmTC_5939d.dir/CheckSymbolExists.c.o
/usr/bin/cc   -idirafter "/home/vchakhno/Hackathon/fractal/cpp/lib/SDL2/src/video/khronos"  -D_GNU_SOURCE=1 -MD -MT CMakeFiles/cmTC_5939d.dir/CheckSymbolExists.c.o -MF CMakeFiles/cmTC_5939d.dir/CheckSymbolExists.c.o.d -o CMakeFiles/cmTC_5939d.dir/CheckSymbolExists.c.o -c /home/vchakhno/Hackathon/fractal/cpp/lib/SDL2/build/CMakeFiles/CMakeTmp/CheckSymbolExists.c
/home/vchakhno/Hackathon/fractal/cpp/lib/SDL2/build/CMakeFiles/CMakeTmp/CheckSymbolExists.c:14:19: error: use of undeclared identifier 'itoa'
  return ((int*)(&itoa))[argc];
                  ^
1 error generated.
gmake[1]: *** [CMakeFiles/cmTC_5939d.dir/build.make:79: CMakeFiles/cmTC_5939d.dir/CheckSymbolExists.c.o] Error 1
gmake[1]: Leaving directory '/home/vchakhno/Hackathon/fractal/cpp/lib/SDL2/build/CMakeFiles/CMakeTmp'
gmake: *** [Makefile:127: cmTC_5939d/fast] Error 2


File /home/vchakhno/Hackathon/fractal/cpp/lib/SDL2/build/CMakeFiles/CMakeTmp/CheckSymbolExists.c:
/* */
#include <stddef.h>
#include <stdarg.h>
#include <stdlib.h>
#include <string.h>
#include <stdio.h>
#include <wchar.h>
#include <float.h>

int main(int argc, char** argv)
{
  (void)argv;
#ifndef itoa
  return ((int*)(&itoa))[argc];
#else
  (void)argc;
  return 0;
#endif
}
Determining if the _ltoa exist failed with the following output:
Change Dir: /home/vchakhno/Hackathon/fractal/cpp/lib/SDL2/build/CMakeFiles/CMakeTmp

Run Build Command(s):/usr/bin/gmake -f Makefile cmTC_d8e8b/fast && /usr/bin/gmake  -f CMakeFiles/cmTC_d8e8b.dir/build.make CMakeFiles/cmTC_d8e8b.dir/build
gmake[1]: Entering directory '/home/vchakhno/Hackathon/fractal/cpp/lib/SDL2/build/CMakeFiles/CMakeTmp'
Building C object CMakeFiles/cmTC_d8e8b.dir/CheckSymbolExists.c.o
/usr/bin/cc   -idirafter "/home/vchakhno/Hackathon/fractal/cpp/lib/SDL2/src/video/khronos"  -D_GNU_SOURCE=1 -MD -MT CMakeFiles/cmTC_d8e8b.dir/CheckSymbolExists.c.o -MF CMakeFiles/cmTC_d8e8b.dir/CheckSymbolExists.c.o.d -o CMakeFiles/cmTC_d8e8b.dir/CheckSymbolExists.c.o -c /home/vchakhno/Hackathon/fractal/cpp/lib/SDL2/build/CMakeFiles/CMakeTmp/CheckSymbolExists.c
/home/vchakhno/Hackathon/fractal/cpp/lib/SDL2/build/CMakeFiles/CMakeTmp/CheckSymbolExists.c:14:19: error: use of undeclared identifier '_ltoa'
  return ((int*)(&_ltoa))[argc];
                  ^
1 error generated.
gmake[1]: *** [CMakeFiles/cmTC_d8e8b.dir/build.make:79: CMakeFiles/cmTC_d8e8b.dir/CheckSymbolExists.c.o] Error 1
gmake[1]: Leaving directory '/home/vchakhno/Hackathon/fractal/cpp/lib/SDL2/build/CMakeFiles/CMakeTmp'
gmake: *** [Makefile:127: cmTC_d8e8b/fast] Error 2


File /home/vchakhno/Hackathon/fractal/cpp/lib/SDL2/build/CMakeFiles/CMakeTmp/CheckSymbolExists.c:
/* */
#include <stddef.h>
#include <stdarg.h>
#include <stdlib.h>
#include <string.h>
#include <stdio.h>
#include <wchar.h>
#include <float.h>

int main(int argc, char** argv)
{
  (void)argv;
#ifndef _ltoa
  return ((int*)(&_ltoa))[argc];
#else
  (void)argc;
  return 0;
#endif
}
Determining if the _uitoa exist failed with the following output:
Change Dir: /home/vchakhno/Hackathon/fractal/cpp/lib/SDL2/build/CMakeFiles/CMakeTmp

Run Build Command(s):/usr/bin/gmake -f Makefile cmTC_a3671/fast && /usr/bin/gmake  -f CMakeFiles/cmTC_a3671.dir/build.make CMakeFiles/cmTC_a3671.dir/build
gmake[1]: Entering directory '/home/vchakhno/Hackathon/fractal/cpp/lib/SDL2/build/CMakeFiles/CMakeTmp'
Building C object CMakeFiles/cmTC_a3671.dir/CheckSymbolExists.c.o
/usr/bin/cc   -idirafter "/home/vchakhno/Hackathon/fractal/cpp/lib/SDL2/src/video/khronos"  -D_GNU_SOURCE=1 -MD -MT CMakeFiles/cmTC_a3671.dir/CheckSymbolExists.c.o -MF CMakeFiles/cmTC_a3671.dir/CheckSymbolExists.c.o.d -o CMakeFiles/cmTC_a3671.dir/CheckSymbolExists.c.o -c /home/vchakhno/Hackathon/fractal/cpp/lib/SDL2/build/CMakeFiles/CMakeTmp/CheckSymbolExists.c
/home/vchakhno/Hackathon/fractal/cpp/lib/SDL2/build/CMakeFiles/CMakeTmp/CheckSymbolExists.c:14:19: error: use of undeclared identifier '_uitoa'
  return ((int*)(&_uitoa))[argc];
                  ^
1 error generated.
gmake[1]: *** [CMakeFiles/cmTC_a3671.dir/build.make:79: CMakeFiles/cmTC_a3671.dir/CheckSymbolExists.c.o] Error 1
gmake[1]: Leaving directory '/home/vchakhno/Hackathon/fractal/cpp/lib/SDL2/build/CMakeFiles/CMakeTmp'
gmake: *** [Makefile:127: cmTC_a3671/fast] Error 2


File /home/vchakhno/Hackathon/fractal/cpp/lib/SDL2/build/CMakeFiles/CMakeTmp/CheckSymbolExists.c:
/* */
#include <stddef.h>
#include <stdarg.h>
#include <stdlib.h>
#include <string.h>
#include <stdio.h>
#include <wchar.h>
#include <float.h>

int main(int argc, char** argv)
{
  (void)argv;
#ifndef _uitoa
  return ((int*)(&_uitoa))[argc];
#else
  (void)argc;
  return 0;
#endif
}
Determining if the _ultoa exist failed with the following output:
Change Dir: /home/vchakhno/Hackathon/fractal/cpp/lib/SDL2/build/CMakeFiles/CMakeTmp

Run Build Command(s):/usr/bin/gmake -f Makefile cmTC_d897a/fast && /usr/bin/gmake  -f CMakeFiles/cmTC_d897a.dir/build.make CMakeFiles/cmTC_d897a.dir/build
gmake[1]: Entering directory '/home/vchakhno/Hackathon/fractal/cpp/lib/SDL2/build/CMakeFiles/CMakeTmp'
Building C object CMakeFiles/cmTC_d897a.dir/CheckSymbolExists.c.o
/usr/bin/cc   -idirafter "/home/vchakhno/Hackathon/fractal/cpp/lib/SDL2/src/video/khronos"  -D_GNU_SOURCE=1 -MD -MT CMakeFiles/cmTC_d897a.dir/CheckSymbolExists.c.o -MF CMakeFiles/cmTC_d897a.dir/CheckSymbolExists.c.o.d -o CMakeFiles/cmTC_d897a.dir/CheckSymbolExists.c.o -c /home/vchakhno/Hackathon/fractal/cpp/lib/SDL2/build/CMakeFiles/CMakeTmp/CheckSymbolExists.c
/home/vchakhno/Hackathon/fractal/cpp/lib/SDL2/build/CMakeFiles/CMakeTmp/CheckSymbolExists.c:14:19: error: use of undeclared identifier '_ultoa'
  return ((int*)(&_ultoa))[argc];
                  ^
1 error generated.
gmake[1]: *** [CMakeFiles/cmTC_d897a.dir/build.make:79: CMakeFiles/cmTC_d897a.dir/CheckSymbolExists.c.o] Error 1
gmake[1]: Leaving directory '/home/vchakhno/Hackathon/fractal/cpp/lib/SDL2/build/CMakeFiles/CMakeTmp'
gmake: *** [Makefile:127: cmTC_d897a/fast] Error 2


File /home/vchakhno/Hackathon/fractal/cpp/lib/SDL2/build/CMakeFiles/CMakeTmp/CheckSymbolExists.c:
/* */
#include <stddef.h>
#include <stdarg.h>
#include <stdlib.h>
#include <string.h>
#include <stdio.h>
#include <wchar.h>
#include <float.h>

int main(int argc, char** argv)
{
  (void)argv;
#ifndef _ultoa
  return ((int*)(&_ultoa))[argc];
#else
  (void)argc;
  return 0;
#endif
}
Determining if the _i64toa exist failed with the following output:
Change Dir: /home/vchakhno/Hackathon/fractal/cpp/lib/SDL2/build/CMakeFiles/CMakeTmp

Run Build Command(s):/usr/bin/gmake -f Makefile cmTC_36893/fast && /usr/bin/gmake  -f CMakeFiles/cmTC_36893.dir/build.make CMakeFiles/cmTC_36893.dir/build
gmake[1]: Entering directory '/home/vchakhno/Hackathon/fractal/cpp/lib/SDL2/build/CMakeFiles/CMakeTmp'
Building C object CMakeFiles/cmTC_36893.dir/CheckSymbolExists.c.o
/usr/bin/cc   -idirafter "/home/vchakhno/Hackathon/fractal/cpp/lib/SDL2/src/video/khronos"  -D_GNU_SOURCE=1 -MD -MT CMakeFiles/cmTC_36893.dir/CheckSymbolExists.c.o -MF CMakeFiles/cmTC_36893.dir/CheckSymbolExists.c.o.d -o CMakeFiles/cmTC_36893.dir/CheckSymbolExists.c.o -c /home/vchakhno/Hackathon/fractal/cpp/lib/SDL2/build/CMakeFiles/CMakeTmp/CheckSymbolExists.c
/home/vchakhno/Hackathon/fractal/cpp/lib/SDL2/build/CMakeFiles/CMakeTmp/CheckSymbolExists.c:14:19: error: use of undeclared identifier '_i64toa'
  return ((int*)(&_i64toa))[argc];
                  ^
1 error generated.
gmake[1]: *** [CMakeFiles/cmTC_36893.dir/build.make:79: CMakeFiles/cmTC_36893.dir/CheckSymbolExists.c.o] Error 1
gmake[1]: Leaving directory '/home/vchakhno/Hackathon/fractal/cpp/lib/SDL2/build/CMakeFiles/CMakeTmp'
gmake: *** [Makefile:127: cmTC_36893/fast] Error 2


File /home/vchakhno/Hackathon/fractal/cpp/lib/SDL2/build/CMakeFiles/CMakeTmp/CheckSymbolExists.c:
/* */
#include <stddef.h>
#include <stdarg.h>
#include <stdlib.h>
#include <string.h>
#include <stdio.h>
#include <wchar.h>
#include <float.h>

int main(int argc, char** argv)
{
  (void)argv;
#ifndef _i64toa
  return ((int*)(&_i64toa))[argc];
#else
  (void)argc;
  return 0;
#endif
}
Determining if the _ui64toa exist failed with the following output:
Change Dir: /home/vchakhno/Hackathon/fractal/cpp/lib/SDL2/build/CMakeFiles/CMakeTmp

Run Build Command(s):/usr/bin/gmake -f Makefile cmTC_5ff35/fast && /usr/bin/gmake  -f CMakeFiles/cmTC_5ff35.dir/build.make CMakeFiles/cmTC_5ff35.dir/build
gmake[1]: Entering directory '/home/vchakhno/Hackathon/fractal/cpp/lib/SDL2/build/CMakeFiles/CMakeTmp'
Building C object CMakeFiles/cmTC_5ff35.dir/CheckSymbolExists.c.o
/usr/bin/cc   -idirafter "/home/vchakhno/Hackathon/fractal/cpp/lib/SDL2/src/video/khronos"  -D_GNU_SOURCE=1 -MD -MT CMakeFiles/cmTC_5ff35.dir/CheckSymbolExists.c.o -MF CMakeFiles/cmTC_5ff35.dir/CheckSymbolExists.c.o.d -o CMakeFiles/cmTC_5ff35.dir/CheckSymbolExists.c.o -c /home/vchakhno/Hackathon/fractal/cpp/lib/SDL2/build/CMakeFiles/CMakeTmp/CheckSymbolExists.c
/home/vchakhno/Hackathon/fractal/cpp/lib/SDL2/build/CMakeFiles/CMakeTmp/CheckSymbolExists.c:14:19: error: use of undeclared identifier '_ui64toa'
  return ((int*)(&_ui64toa))[argc];
                  ^
1 error generated.
gmake[1]: *** [CMakeFiles/cmTC_5ff35.dir/build.make:79: CMakeFiles/cmTC_5ff35.dir/CheckSymbolExists.c.o] Error 1
gmake[1]: Leaving directory '/home/vchakhno/Hackathon/fractal/cpp/lib/SDL2/build/CMakeFiles/CMakeTmp'
gmake: *** [Makefile:127: cmTC_5ff35/fast] Error 2


File /home/vchakhno/Hackathon/fractal/cpp/lib/SDL2/build/CMakeFiles/CMakeTmp/CheckSymbolExists.c:
/* */
#include <stddef.h>
#include <stdarg.h>
#include <stdlib.h>
#include <string.h>
#include <stdio.h>
#include <wchar.h>
#include <float.h>

int main(int argc, char** argv)
{
  (void)argv;
#ifndef _ui64toa
  return ((int*)(&_ui64toa))[argc];
#else
  (void)argc;
  return 0;
#endif
}
Determining if the _stricmp exist failed with the following output:
Change Dir: /home/vchakhno/Hackathon/fractal/cpp/lib/SDL2/build/CMakeFiles/CMakeTmp

Run Build Command(s):/usr/bin/gmake -f Makefile cmTC_33fdf/fast && /usr/bin/gmake  -f CMakeFiles/cmTC_33fdf.dir/build.make CMakeFiles/cmTC_33fdf.dir/build
gmake[1]: Entering directory '/home/vchakhno/Hackathon/fractal/cpp/lib/SDL2/build/CMakeFiles/CMakeTmp'
Building C object CMakeFiles/cmTC_33fdf.dir/CheckSymbolExists.c.o
/usr/bin/cc   -idirafter "/home/vchakhno/Hackathon/fractal/cpp/lib/SDL2/src/video/khronos"  -D_GNU_SOURCE=1 -MD -MT CMakeFiles/cmTC_33fdf.dir/CheckSymbolExists.c.o -MF CMakeFiles/cmTC_33fdf.dir/CheckSymbolExists.c.o.d -o CMakeFiles/cmTC_33fdf.dir/CheckSymbolExists.c.o -c /home/vchakhno/Hackathon/fractal/cpp/lib/SDL2/build/CMakeFiles/CMakeTmp/CheckSymbolExists.c
/home/vchakhno/Hackathon/fractal/cpp/lib/SDL2/build/CMakeFiles/CMakeTmp/CheckSymbolExists.c:14:19: error: use of undeclared identifier '_stricmp'
  return ((int*)(&_stricmp))[argc];
                  ^
1 error generated.
gmake[1]: *** [CMakeFiles/cmTC_33fdf.dir/build.make:79: CMakeFiles/cmTC_33fdf.dir/CheckSymbolExists.c.o] Error 1
gmake[1]: Leaving directory '/home/vchakhno/Hackathon/fractal/cpp/lib/SDL2/build/CMakeFiles/CMakeTmp'
gmake: *** [Makefile:127: cmTC_33fdf/fast] Error 2


File /home/vchakhno/Hackathon/fractal/cpp/lib/SDL2/build/CMakeFiles/CMakeTmp/CheckSymbolExists.c:
/* */
#include <stddef.h>
#include <stdarg.h>
#include <stdlib.h>
#include <string.h>
#include <stdio.h>
#include <wchar.h>
#include <float.h>

int main(int argc, char** argv)
{
  (void)argv;
#ifndef _stricmp
  return ((int*)(&_stricmp))[argc];
#else
  (void)argc;
  return 0;
#endif
}
Determining if the _strnicmp exist failed with the following output:
Change Dir: /home/vchakhno/Hackathon/fractal/cpp/lib/SDL2/build/CMakeFiles/CMakeTmp

Run Build Command(s):/usr/bin/gmake -f Makefile cmTC_38128/fast && /usr/bin/gmake  -f CMakeFiles/cmTC_38128.dir/build.make CMakeFiles/cmTC_38128.dir/build
gmake[1]: Entering directory '/home/vchakhno/Hackathon/fractal/cpp/lib/SDL2/build/CMakeFiles/CMakeTmp'
Building C object CMakeFiles/cmTC_38128.dir/CheckSymbolExists.c.o
/usr/bin/cc   -idirafter "/home/vchakhno/Hackathon/fractal/cpp/lib/SDL2/src/video/khronos"  -D_GNU_SOURCE=1 -MD -MT CMakeFiles/cmTC_38128.dir/CheckSymbolExists.c.o -MF CMakeFiles/cmTC_38128.dir/CheckSymbolExists.c.o.d -o CMakeFiles/cmTC_38128.dir/CheckSymbolExists.c.o -c /home/vchakhno/Hackathon/fractal/cpp/lib/SDL2/build/CMakeFiles/CMakeTmp/CheckSymbolExists.c
/home/vchakhno/Hackathon/fractal/cpp/lib/SDL2/build/CMakeFiles/CMakeTmp/CheckSymbolExists.c:14:19: error: use of undeclared identifier '_strnicmp'; did you mean 'strncmp'?
  return ((int*)(&_strnicmp))[argc];
                  ^~~~~~~~~
                  strncmp
/usr/include/string.h:159:12: note: 'strncmp' declared here
extern int strncmp (const char *__s1, const char *__s2, size_t __n)
           ^
1 error generated.
gmake[1]: *** [CMakeFiles/cmTC_38128.dir/build.make:79: CMakeFiles/cmTC_38128.dir/CheckSymbolExists.c.o] Error 1
gmake[1]: Leaving directory '/home/vchakhno/Hackathon/fractal/cpp/lib/SDL2/build/CMakeFiles/CMakeTmp'
gmake: *** [Makefile:127: cmTC_38128/fast] Error 2


File /home/vchakhno/Hackathon/fractal/cpp/lib/SDL2/build/CMakeFiles/CMakeTmp/CheckSymbolExists.c:
/* */
#include <stddef.h>
#include <stdarg.h>
#include <stdlib.h>
#include <string.h>
#include <stdio.h>
#include <wchar.h>
#include <float.h>

int main(int argc, char** argv)
{
  (void)argv;
#ifndef _strnicmp
  return ((int*)(&_strnicmp))[argc];
#else
  (void)argc;
  return 0;
#endif
}
Determining if the _wcsdup exist failed with the following output:
Change Dir: /home/vchakhno/Hackathon/fractal/cpp/lib/SDL2/build/CMakeFiles/CMakeTmp

Run Build Command(s):/usr/bin/gmake -f Makefile cmTC_e556d/fast && /usr/bin/gmake  -f CMakeFiles/cmTC_e556d.dir/build.make CMakeFiles/cmTC_e556d.dir/build
gmake[1]: Entering directory '/home/vchakhno/Hackathon/fractal/cpp/lib/SDL2/build/CMakeFiles/CMakeTmp'
Building C object CMakeFiles/cmTC_e556d.dir/CheckSymbolExists.c.o
/usr/bin/cc   -idirafter "/home/vchakhno/Hackathon/fractal/cpp/lib/SDL2/src/video/khronos"  -D_GNU_SOURCE=1 -MD -MT CMakeFiles/cmTC_e556d.dir/CheckSymbolExists.c.o -MF CMakeFiles/cmTC_e556d.dir/CheckSymbolExists.c.o.d -o CMakeFiles/cmTC_e556d.dir/CheckSymbolExists.c.o -c /home/vchakhno/Hackathon/fractal/cpp/lib/SDL2/build/CMakeFiles/CMakeTmp/CheckSymbolExists.c
/home/vchakhno/Hackathon/fractal/cpp/lib/SDL2/build/CMakeFiles/CMakeTmp/CheckSymbolExists.c:14:19: error: use of undeclared identifier '_wcsdup'; did you mean 'wcsdup'?
  return ((int*)(&_wcsdup))[argc];
                  ^~~~~~~
                  wcsdup
/usr/include/wchar.h:154:17: note: 'wcsdup' declared here
extern wchar_t *wcsdup (const wchar_t *__s) __THROW
                ^
1 error generated.
gmake[1]: *** [CMakeFiles/cmTC_e556d.dir/build.make:79: CMakeFiles/cmTC_e556d.dir/CheckSymbolExists.c.o] Error 1
gmake[1]: Leaving directory '/home/vchakhno/Hackathon/fractal/cpp/lib/SDL2/build/CMakeFiles/CMakeTmp'
gmake: *** [Makefile:127: cmTC_e556d/fast] Error 2


File /home/vchakhno/Hackathon/fractal/cpp/lib/SDL2/build/CMakeFiles/CMakeTmp/CheckSymbolExists.c:
/* */
#include <stddef.h>
#include <stdarg.h>
#include <stdlib.h>
#include <string.h>
#include <stdio.h>
#include <wchar.h>
#include <float.h>

int main(int argc, char** argv)
{
  (void)argv;
#ifndef _wcsdup
  return ((int*)(&_wcsdup))[argc];
#else
  (void)argc;
  return 0;
#endif
}
Determining if the wcslcat exist failed with the following output:
Change Dir: /home/vchakhno/Hackathon/fractal/cpp/lib/SDL2/build/CMakeFiles/CMakeTmp

Run Build Command(s):/usr/bin/gmake -f Makefile cmTC_113d9/fast && /usr/bin/gmake  -f CMakeFiles/cmTC_113d9.dir/build.make CMakeFiles/cmTC_113d9.dir/build
gmake[1]: Entering directory '/home/vchakhno/Hackathon/fractal/cpp/lib/SDL2/build/CMakeFiles/CMakeTmp'
Building C object CMakeFiles/cmTC_113d9.dir/CheckSymbolExists.c.o
/usr/bin/cc   -idirafter "/home/vchakhno/Hackathon/fractal/cpp/lib/SDL2/src/video/khronos"  -D_GNU_SOURCE=1 -MD -MT CMakeFiles/cmTC_113d9.dir/CheckSymbolExists.c.o -MF CMakeFiles/cmTC_113d9.dir/CheckSymbolExists.c.o.d -o CMakeFiles/cmTC_113d9.dir/CheckSymbolExists.c.o -c /home/vchakhno/Hackathon/fractal/cpp/lib/SDL2/build/CMakeFiles/CMakeTmp/CheckSymbolExists.c
/home/vchakhno/Hackathon/fractal/cpp/lib/SDL2/build/CMakeFiles/CMakeTmp/CheckSymbolExists.c:14:19: error: use of undeclared identifier 'wcslcat'
  return ((int*)(&wcslcat))[argc];
                  ^
1 error generated.
gmake[1]: *** [CMakeFiles/cmTC_113d9.dir/build.make:79: CMakeFiles/cmTC_113d9.dir/CheckSymbolExists.c.o] Error 1
gmake[1]: Leaving directory '/home/vchakhno/Hackathon/fractal/cpp/lib/SDL2/build/CMakeFiles/CMakeTmp'
gmake: *** [Makefile:127: cmTC_113d9/fast] Error 2


File /home/vchakhno/Hackathon/fractal/cpp/lib/SDL2/build/CMakeFiles/CMakeTmp/CheckSymbolExists.c:
/* */
#include <stddef.h>
#include <stdarg.h>
#include <stdlib.h>
#include <string.h>
#include <stdio.h>
#include <wchar.h>
#include <float.h>

int main(int argc, char** argv)
{
  (void)argv;
#ifndef wcslcat
  return ((int*)(&wcslcat))[argc];
#else
  (void)argc;
  return 0;
#endif
}
Determining if the wcslcpy exist failed with the following output:
Change Dir: /home/vchakhno/Hackathon/fractal/cpp/lib/SDL2/build/CMakeFiles/CMakeTmp

Run Build Command(s):/usr/bin/gmake -f Makefile cmTC_62461/fast && /usr/bin/gmake  -f CMakeFiles/cmTC_62461.dir/build.make CMakeFiles/cmTC_62461.dir/build
gmake[1]: Entering directory '/home/vchakhno/Hackathon/fractal/cpp/lib/SDL2/build/CMakeFiles/CMakeTmp'
Building C object CMakeFiles/cmTC_62461.dir/CheckSymbolExists.c.o
/usr/bin/cc   -idirafter "/home/vchakhno/Hackathon/fractal/cpp/lib/SDL2/src/video/khronos"  -D_GNU_SOURCE=1 -MD -MT CMakeFiles/cmTC_62461.dir/CheckSymbolExists.c.o -MF CMakeFiles/cmTC_62461.dir/CheckSymbolExists.c.o.d -o CMakeFiles/cmTC_62461.dir/CheckSymbolExists.c.o -c /home/vchakhno/Hackathon/fractal/cpp/lib/SDL2/build/CMakeFiles/CMakeTmp/CheckSymbolExists.c
/home/vchakhno/Hackathon/fractal/cpp/lib/SDL2/build/CMakeFiles/CMakeTmp/CheckSymbolExists.c:14:19: error: use of undeclared identifier 'wcslcpy'
  return ((int*)(&wcslcpy))[argc];
                  ^
1 error generated.
gmake[1]: *** [CMakeFiles/cmTC_62461.dir/build.make:79: CMakeFiles/cmTC_62461.dir/CheckSymbolExists.c.o] Error 1
gmake[1]: Leaving directory '/home/vchakhno/Hackathon/fractal/cpp/lib/SDL2/build/CMakeFiles/CMakeTmp'
gmake: *** [Makefile:127: cmTC_62461/fast] Error 2


File /home/vchakhno/Hackathon/fractal/cpp/lib/SDL2/build/CMakeFiles/CMakeTmp/CheckSymbolExists.c:
/* */
#include <stddef.h>
#include <stdarg.h>
#include <stdlib.h>
#include <string.h>
#include <stdio.h>
#include <wchar.h>
#include <float.h>

int main(int argc, char** argv)
{
  (void)argv;
#ifndef wcslcpy
  return ((int*)(&wcslcpy))[argc];
#else
  (void)argc;
  return 0;
#endif
}
Determining if the _wcsicmp exist failed with the following output:
Change Dir: /home/vchakhno/Hackathon/fractal/cpp/lib/SDL2/build/CMakeFiles/CMakeTmp

Run Build Command(s):/usr/bin/gmake -f Makefile cmTC_217ad/fast && /usr/bin/gmake  -f CMakeFiles/cmTC_217ad.dir/build.make CMakeFiles/cmTC_217ad.dir/build
gmake[1]: Entering directory '/home/vchakhno/Hackathon/fractal/cpp/lib/SDL2/build/CMakeFiles/CMakeTmp'
Building C object CMakeFiles/cmTC_217ad.dir/CheckSymbolExists.c.o
/usr/bin/cc   -idirafter "/home/vchakhno/Hackathon/fractal/cpp/lib/SDL2/src/video/khronos"  -D_GNU_SOURCE=1 -MD -MT CMakeFiles/cmTC_217ad.dir/CheckSymbolExists.c.o -MF CMakeFiles/cmTC_217ad.dir/CheckSymbolExists.c.o.d -o CMakeFiles/cmTC_217ad.dir/CheckSymbolExists.c.o -c /home/vchakhno/Hackathon/fractal/cpp/lib/SDL2/build/CMakeFiles/CMakeTmp/CheckSymbolExists.c
/home/vchakhno/Hackathon/fractal/cpp/lib/SDL2/build/CMakeFiles/CMakeTmp/CheckSymbolExists.c:14:19: error: use of undeclared identifier '_wcsicmp'
  return ((int*)(&_wcsicmp))[argc];
                  ^
1 error generated.
gmake[1]: *** [CMakeFiles/cmTC_217ad.dir/build.make:79: CMakeFiles/cmTC_217ad.dir/CheckSymbolExists.c.o] Error 1
gmake[1]: Leaving directory '/home/vchakhno/Hackathon/fractal/cpp/lib/SDL2/build/CMakeFiles/CMakeTmp'
gmake: *** [Makefile:127: cmTC_217ad/fast] Error 2


File /home/vchakhno/Hackathon/fractal/cpp/lib/SDL2/build/CMakeFiles/CMakeTmp/CheckSymbolExists.c:
/* */
#include <stddef.h>
#include <stdarg.h>
#include <stdlib.h>
#include <string.h>
#include <stdio.h>
#include <wchar.h>
#include <float.h>

int main(int argc, char** argv)
{
  (void)argv;
#ifndef _wcsicmp
  return ((int*)(&_wcsicmp))[argc];
#else
  (void)argc;
  return 0;
#endif
}
Determining if the _wcsnicmp exist failed with the following output:
Change Dir: /home/vchakhno/Hackathon/fractal/cpp/lib/SDL2/build/CMakeFiles/CMakeTmp

Run Build Command(s):/usr/bin/gmake -f Makefile cmTC_321f7/fast && /usr/bin/gmake  -f CMakeFiles/cmTC_321f7.dir/build.make CMakeFiles/cmTC_321f7.dir/build
gmake[1]: Entering directory '/home/vchakhno/Hackathon/fractal/cpp/lib/SDL2/build/CMakeFiles/CMakeTmp'
Building C object CMakeFiles/cmTC_321f7.dir/CheckSymbolExists.c.o
/usr/bin/cc   -idirafter "/home/vchakhno/Hackathon/fractal/cpp/lib/SDL2/src/video/khronos"  -D_GNU_SOURCE=1 -MD -MT CMakeFiles/cmTC_321f7.dir/CheckSymbolExists.c.o -MF CMakeFiles/cmTC_321f7.dir/CheckSymbolExists.c.o.d -o CMakeFiles/cmTC_321f7.dir/CheckSymbolExists.c.o -c /home/vchakhno/Hackathon/fractal/cpp/lib/SDL2/build/CMakeFiles/CMakeTmp/CheckSymbolExists.c
/home/vchakhno/Hackathon/fractal/cpp/lib/SDL2/build/CMakeFiles/CMakeTmp/CheckSymbolExists.c:14:19: error: use of undeclared identifier '_wcsnicmp'; did you mean 'wcsncmp'?
  return ((int*)(&_wcsnicmp))[argc];
                  ^~~~~~~~~
                  wcsncmp
/usr/include/wchar.h:109:12: note: 'wcsncmp' declared here
extern int wcsncmp (const wchar_t *__s1, const wchar_t *__s2, size_t __n)
           ^
1 error generated.
gmake[1]: *** [CMakeFiles/cmTC_321f7.dir/build.make:79: CMakeFiles/cmTC_321f7.dir/CheckSymbolExists.c.o] Error 1
gmake[1]: Leaving directory '/home/vchakhno/Hackathon/fractal/cpp/lib/SDL2/build/CMakeFiles/CMakeTmp'
gmake: *** [Makefile:127: cmTC_321f7/fast] Error 2


File /home/vchakhno/Hackathon/fractal/cpp/lib/SDL2/build/CMakeFiles/CMakeTmp/CheckSymbolExists.c:
/* */
#include <stddef.h>
#include <stdarg.h>
#include <stdlib.h>
#include <string.h>
#include <stdio.h>
#include <wchar.h>
#include <float.h>

int main(int argc, char** argv)
{
  (void)argv;
#ifndef _wcsnicmp
  return ((int*)(&_wcsnicmp))[argc];
#else
  (void)argc;
  return 0;
#endif
}
Determining if the sysctlbyname exist failed with the following output:
Change Dir: /home/vchakhno/Hackathon/fractal/cpp/lib/SDL2/build/CMakeFiles/CMakeTmp

Run Build Command(s):/usr/bin/gmake -f Makefile cmTC_5f166/fast && /usr/bin/gmake  -f CMakeFiles/cmTC_5f166.dir/build.make CMakeFiles/cmTC_5f166.dir/build
gmake[1]: Entering directory '/home/vchakhno/Hackathon/fractal/cpp/lib/SDL2/build/CMakeFiles/CMakeTmp'
Building C object CMakeFiles/cmTC_5f166.dir/CheckSymbolExists.c.o
/usr/bin/cc   -idirafter "/home/vchakhno/Hackathon/fractal/cpp/lib/SDL2/src/video/khronos"  -D_GNU_SOURCE=1 -MD -MT CMakeFiles/cmTC_5f166.dir/CheckSymbolExists.c.o -MF CMakeFiles/cmTC_5f166.dir/CheckSymbolExists.c.o.d -o CMakeFiles/cmTC_5f166.dir/CheckSymbolExists.c.o -c /home/vchakhno/Hackathon/fractal/cpp/lib/SDL2/build/CMakeFiles/CMakeTmp/CheckSymbolExists.c
/home/vchakhno/Hackathon/fractal/cpp/lib/SDL2/build/CMakeFiles/CMakeTmp/CheckSymbolExists.c:3:10: fatal error: 'sys/sysctl.h' file not found
#include <sys/sysctl.h>
         ^~~~~~~~~~~~~~
1 error generated.
gmake[1]: *** [CMakeFiles/cmTC_5f166.dir/build.make:79: CMakeFiles/cmTC_5f166.dir/CheckSymbolExists.c.o] Error 1
gmake[1]: Leaving directory '/home/vchakhno/Hackathon/fractal/cpp/lib/SDL2/build/CMakeFiles/CMakeTmp'
gmake: *** [Makefile:127: cmTC_5f166/fast] Error 2


File /home/vchakhno/Hackathon/fractal/cpp/lib/SDL2/build/CMakeFiles/CMakeTmp/CheckSymbolExists.c:
/* */
#include <sys/types.h>
#include <sys/sysctl.h>

int main(int argc, char** argv)
{
  (void)argv;
#ifndef sysctlbyname
  return ((int*)(&sysctlbyname))[argc];
#else
  (void)argc;
  return 0;
#endif
}
Determining if the elf_aux_info exist failed with the following output:
Change Dir: /home/vchakhno/Hackathon/fractal/cpp/lib/SDL2/build/CMakeFiles/CMakeTmp

Run Build Command(s):/usr/bin/gmake -f Makefile cmTC_64eb1/fast && /usr/bin/gmake  -f CMakeFiles/cmTC_64eb1.dir/build.make CMakeFiles/cmTC_64eb1.dir/build
gmake[1]: Entering directory '/home/vchakhno/Hackathon/fractal/cpp/lib/SDL2/build/CMakeFiles/CMakeTmp'
Building C object CMakeFiles/cmTC_64eb1.dir/CheckSymbolExists.c.o
/usr/bin/cc   -idirafter "/home/vchakhno/Hackathon/fractal/cpp/lib/SDL2/src/video/khronos"  -D_GNU_SOURCE=1 -MD -MT CMakeFiles/cmTC_64eb1.dir/CheckSymbolExists.c.o -MF CMakeFiles/cmTC_64eb1.dir/CheckSymbolExists.c.o.d -o CMakeFiles/cmTC_64eb1.dir/CheckSymbolExists.c.o -c /home/vchakhno/Hackathon/fractal/cpp/lib/SDL2/build/CMakeFiles/CMakeTmp/CheckSymbolExists.c
/home/vchakhno/Hackathon/fractal/cpp/lib/SDL2/build/CMakeFiles/CMakeTmp/CheckSymbolExists.c:8:19: error: use of undeclared identifier 'elf_aux_info'
  return ((int*)(&elf_aux_info))[argc];
                  ^
1 error generated.
gmake[1]: *** [CMakeFiles/cmTC_64eb1.dir/build.make:79: CMakeFiles/cmTC_64eb1.dir/CheckSymbolExists.c.o] Error 1
gmake[1]: Leaving directory '/home/vchakhno/Hackathon/fractal/cpp/lib/SDL2/build/CMakeFiles/CMakeTmp'
gmake: *** [Makefile:127: cmTC_64eb1/fast] Error 2


File /home/vchakhno/Hackathon/fractal/cpp/lib/SDL2/build/CMakeFiles/CMakeTmp/CheckSymbolExists.c:
/* */
#include <sys/auxv.h>

int main(int argc, char** argv)
{
  (void)argv;
#ifndef elf_aux_info
  return ((int*)(&elf_aux_info))[argc];
#else
  (void)argc;
  return 0;
#endif
}
Determining if the function iconv_open exists in the iconv failed with the following output:
Change Dir: /home/vchakhno/Hackathon/fractal/cpp/lib/SDL2/build/CMakeFiles/CMakeTmp

Run Build Command(s):/usr/bin/gmake -f Makefile cmTC_6ed91/fast && /usr/bin/gmake  -f CMakeFiles/cmTC_6ed91.dir/build.make CMakeFiles/cmTC_6ed91.dir/build
gmake[1]: Entering directory '/home/vchakhno/Hackathon/fractal/cpp/lib/SDL2/build/CMakeFiles/CMakeTmp'
Building C object CMakeFiles/cmTC_6ed91.dir/CheckFunctionExists.c.o
/usr/bin/cc   -idirafter "/home/vchakhno/Hackathon/fractal/cpp/lib/SDL2/src/video/khronos" -DCHECK_FUNCTION_EXISTS=iconv_open  -D_GNU_SOURCE=1 -MD -MT CMakeFiles/cmTC_6ed91.dir/CheckFunctionExists.c.o -MF CMakeFiles/cmTC_6ed91.dir/CheckFunctionExists.c.o.d -o CMakeFiles/cmTC_6ed91.dir/CheckFunctionExists.c.o -c /usr/share/cmake-3.22/Modules/CheckFunctionExists.c
Linking C executable cmTC_6ed91
/usr/bin/cmake -E cmake_link_script CMakeFiles/cmTC_6ed91.dir/link.txt --verbose=1
/usr/bin/cc  -idirafter "/home/vchakhno/Hackathon/fractal/cpp/lib/SDL2/src/video/khronos" -DCHECK_FUNCTION_EXISTS=iconv_open  -D_GNU_SOURCE=1 CMakeFiles/cmTC_6ed91.dir/CheckFunctionExists.c.o -o cmTC_6ed91  -liconv 
/usr/bin/ld: cannot find -liconv: No such file or directory
clang: error: linker command failed with exit code 1 (use -v to see invocation)
gmake[1]: *** [CMakeFiles/cmTC_6ed91.dir/build.make:100: cmTC_6ed91] Error 1
gmake[1]: Leaving directory '/home/vchakhno/Hackathon/fractal/cpp/lib/SDL2/build/CMakeFiles/CMakeTmp'
gmake: *** [Makefile:127: cmTC_6ed91/fast] Error 2



Determining if the alloca exist failed with the following output:
Change Dir: /home/vchakhno/Hackathon/fractal/cpp/lib/SDL2/build/CMakeFiles/CMakeTmp

Run Build Command(s):/usr/bin/gmake -f Makefile cmTC_bed1a/fast && /usr/bin/gmake  -f CMakeFiles/cmTC_bed1a.dir/build.make CMakeFiles/cmTC_bed1a.dir/build
gmake[1]: Entering directory '/home/vchakhno/Hackathon/fractal/cpp/lib/SDL2/build/CMakeFiles/CMakeTmp'
Building C object CMakeFiles/cmTC_bed1a.dir/CheckSymbolExists.c.o
/usr/bin/cc   -idirafter "/home/vchakhno/Hackathon/fractal/cpp/lib/SDL2/src/video/khronos"  -D_GNU_SOURCE=1 -MD -MT CMakeFiles/cmTC_bed1a.dir/CheckSymbolExists.c.o -MF CMakeFiles/cmTC_bed1a.dir/CheckSymbolExists.c.o.d -o CMakeFiles/cmTC_bed1a.dir/CheckSymbolExists.c.o -c /home/vchakhno/Hackathon/fractal/cpp/lib/SDL2/build/CMakeFiles/CMakeTmp/CheckSymbolExists.c
/home/vchakhno/Hackathon/fractal/cpp/lib/SDL2/build/CMakeFiles/CMakeTmp/CheckSymbolExists.c:8:19: warning: implicitly declaring library function 'alloca' with type 'void *(unsigned long)' [-Wimplicit-function-declaration]
  return ((int*)(&alloca))[argc];
                  ^
/home/vchakhno/Hackathon/fractal/cpp/lib/SDL2/build/CMakeFiles/CMakeTmp/CheckSymbolExists.c:8:19: note: include the header <stdlib.h> or explicitly provide a declaration for 'alloca'
1 warning generated.
Linking C executable cmTC_bed1a
/usr/bin/cmake -E cmake_link_script CMakeFiles/cmTC_bed1a.dir/link.txt --verbose=1
/usr/bin/cc  -idirafter "/home/vchakhno/Hackathon/fractal/cpp/lib/SDL2/src/video/khronos"  -D_GNU_SOURCE=1 CMakeFiles/cmTC_bed1a.dir/CheckSymbolExists.c.o -o cmTC_bed1a 
/usr/bin/ld: CMakeFiles/cmTC_bed1a.dir/CheckSymbolExists.c.o: in function `main':
CheckSymbolExists.c:(.text+0x19): undefined reference to `alloca'
clang: error: linker command failed with exit code 1 (use -v to see invocation)
gmake[1]: *** [CMakeFiles/cmTC_bed1a.dir/build.make:100: cmTC_bed1a] Error 1
gmake[1]: Leaving directory '/home/vchakhno/Hackathon/fractal/cpp/lib/SDL2/build/CMakeFiles/CMakeTmp'
gmake: *** [Makefile:127: cmTC_bed1a/fast] Error 2


File /home/vchakhno/Hackathon/fractal/cpp/lib/SDL2/build/CMakeFiles/CMakeTmp/CheckSymbolExists.c:
/* */
#include <malloc.h>

int main(int argc, char** argv)
{
  (void)argv;
#ifndef alloca
  return ((int*)(&alloca))[argc];
#else
  (void)argc;
  return 0;
#endif
}
Determining if the include file audio/audiolib.h exists failed with the following output:
Change Dir: /home/vchakhno/Hackathon/fractal/cpp/lib/SDL2/build/CMakeFiles/CMakeTmp

Run Build Command(s):/usr/bin/gmake -f Makefile cmTC_631c7/fast && /usr/bin/gmake  -f CMakeFiles/cmTC_631c7.dir/build.make CMakeFiles/cmTC_631c7.dir/build
gmake[1]: Entering directory '/home/vchakhno/Hackathon/fractal/cpp/lib/SDL2/build/CMakeFiles/CMakeTmp'
Building C object CMakeFiles/cmTC_631c7.dir/CheckIncludeFile.c.o
/usr/bin/cc   -idirafter "/home/vchakhno/Hackathon/fractal/cpp/lib/SDL2/src/video/khronos"  -D_GNU_SOURCE=1 -MD -MT CMakeFiles/cmTC_631c7.dir/CheckIncludeFile.c.o -MF CMakeFiles/cmTC_631c7.dir/CheckIncludeFile.c.o.d -o CMakeFiles/cmTC_631c7.dir/CheckIncludeFile.c.o -c /home/vchakhno/Hackathon/fractal/cpp/lib/SDL2/build/CMakeFiles/CMakeTmp/CheckIncludeFile.c
/home/vchakhno/Hackathon/fractal/cpp/lib/SDL2/build/CMakeFiles/CMakeTmp/CheckIncludeFile.c:1:10: fatal error: 'audio/audiolib.h' file not found
#include <audio/audiolib.h>
         ^~~~~~~~~~~~~~~~~~
1 error generated.
gmake[1]: *** [CMakeFiles/cmTC_631c7.dir/build.make:79: CMakeFiles/cmTC_631c7.dir/CheckIncludeFile.c.o] Error 1
gmake[1]: Leaving directory '/home/vchakhno/Hackathon/fractal/cpp/lib/SDL2/build/CMakeFiles/CMakeTmp'
gmake: *** [Makefile:127: cmTC_631c7/fast] Error 2



Performing C SOURCE FILE Test HAVE_RPI failed with the following output:
Change Dir: /home/vchakhno/Hackathon/fractal/cpp/lib/SDL2/build/CMakeFiles/CMakeTmp

Run Build Command(s):/usr/bin/gmake -f Makefile cmTC_04375/fast && /usr/bin/gmake  -f CMakeFiles/cmTC_04375.dir/build.make CMakeFiles/cmTC_04375.dir/build
gmake[1]: Entering directory '/home/vchakhno/Hackathon/fractal/cpp/lib/SDL2/build/CMakeFiles/CMakeTmp'
Building C object CMakeFiles/cmTC_04375.dir/src.c.o
/usr/bin/cc -DHAVE_RPI  -idirafter "/home/vchakhno/Hackathon/fractal/cpp/lib/SDL2/src/video/khronos"  -D_GNU_SOURCE=1  -I/opt/vc/include -I/opt/vc/include/interface/vcos/pthreads -I/opt/vc/include/interface/vmcs_host/linux/  -L/opt/vc/lib -MD -MT CMakeFiles/cmTC_04375.dir/src.c.o -MF CMakeFiles/cmTC_04375.dir/src.c.o.d -o CMakeFiles/cmTC_04375.dir/src.c.o -c /home/vchakhno/Hackathon/fractal/cpp/lib/SDL2/build/CMakeFiles/CMakeTmp/src.c
clang: warning: argument unused during compilation: '-L/opt/vc/lib' [-Wunused-command-line-argument]
/home/vchakhno/Hackathon/fractal/cpp/lib/SDL2/build/CMakeFiles/CMakeTmp/src.c:2:18: fatal error: 'bcm_host.h' file not found
        #include <bcm_host.h>
                 ^~~~~~~~~~~~
1 error generated.
gmake[1]: *** [CMakeFiles/cmTC_04375.dir/build.make:79: CMakeFiles/cmTC_04375.dir/src.c.o] Error 1
gmake[1]: Leaving directory '/home/vchakhno/Hackathon/fractal/cpp/lib/SDL2/build/CMakeFiles/CMakeTmp'
gmake: *** [Makefile:127: cmTC_04375/fast] Error 2


Source file was:

        #include <bcm_host.h>
        #include <EGL/eglplatform.h>
        int main(int argc, char **argv) {
          EGL_DISPMANX_WINDOW_T window;
          bcm_host_init();
        }
Performing C SOURCE FILE Test HAVE_VIVANTE_VDK failed with the following output:
Change Dir: /home/vchakhno/Hackathon/fractal/cpp/lib/SDL2/build/CMakeFiles/CMakeTmp

Run Build Command(s):/usr/bin/gmake -f Makefile cmTC_12f85/fast && /usr/bin/gmake  -f CMakeFiles/cmTC_12f85.dir/build.make CMakeFiles/cmTC_12f85.dir/build
gmake[1]: Entering directory '/home/vchakhno/Hackathon/fractal/cpp/lib/SDL2/build/CMakeFiles/CMakeTmp'
Building C object CMakeFiles/cmTC_12f85.dir/src.c.o
/usr/bin/cc -DHAVE_VIVANTE_VDK  -idirafter "/home/vchakhno/Hackathon/fractal/cpp/lib/SDL2/src/video/khronos"  -D_GNU_SOURCE=1 -MD -MT CMakeFiles/cmTC_12f85.dir/src.c.o -MF CMakeFiles/cmTC_12f85.dir/src.c.o.d -o CMakeFiles/cmTC_12f85.dir/src.c.o -c /home/vchakhno/Hackathon/fractal/cpp/lib/SDL2/build/CMakeFiles/CMakeTmp/src.c
/home/vchakhno/Hackathon/fractal/cpp/lib/SDL2/build/CMakeFiles/CMakeTmp/src.c:2:18: fatal error: 'gc_vdk.h' file not found
        #include <gc_vdk.h>
                 ^~~~~~~~~~
1 error generated.
gmake[1]: *** [CMakeFiles/cmTC_12f85.dir/build.make:79: CMakeFiles/cmTC_12f85.dir/src.c.o] Error 1
gmake[1]: Leaving directory '/home/vchakhno/Hackathon/fractal/cpp/lib/SDL2/build/CMakeFiles/CMakeTmp'
gmake: *** [Makefile:127: cmTC_12f85/fast] Error 2


Source file was:

        #include <gc_vdk.h>
        int main(int argc, char** argv) { return 0; }
Performing C SOURCE FILE Test HAVE_VIVANTE_EGL_FB failed with the following output:
Change Dir: /home/vchakhno/Hackathon/fractal/cpp/lib/SDL2/build/CMakeFiles/CMakeTmp

Run Build Command(s):/usr/bin/gmake -f Makefile cmTC_0bef1/fast && /usr/bin/gmake  -f CMakeFiles/cmTC_0bef1.dir/build.make CMakeFiles/cmTC_0bef1.dir/build
gmake[1]: Entering directory '/home/vchakhno/Hackathon/fractal/cpp/lib/SDL2/build/CMakeFiles/CMakeTmp'
Building C object CMakeFiles/cmTC_0bef1.dir/src.c.o
/usr/bin/cc -DHAVE_VIVANTE_EGL_FB  -idirafter "/home/vchakhno/Hackathon/fractal/cpp/lib/SDL2/src/video/khronos"  -D_GNU_SOURCE=1 -MD -MT CMakeFiles/cmTC_0bef1.dir/src.c.o -MF CMakeFiles/cmTC_0bef1.dir/src.c.o.d -o CMakeFiles/cmTC_0bef1.dir/src.c.o -c /home/vchakhno/Hackathon/fractal/cpp/lib/SDL2/build/CMakeFiles/CMakeTmp/src.c
/home/vchakhno/Hackathon/fractal/cpp/lib/SDL2/build/CMakeFiles/CMakeTmp/src.c:4:18: fatal error: 'EGL/eglvivante.h' file not found
        #include <EGL/eglvivante.h>
                 ^~~~~~~~~~~~~~~~~~
1 error generated.
gmake[1]: *** [CMakeFiles/cmTC_0bef1.dir/build.make:79: CMakeFiles/cmTC_0bef1.dir/src.c.o] Error 1
gmake[1]: Leaving directory '/home/vchakhno/Hackathon/fractal/cpp/lib/SDL2/build/CMakeFiles/CMakeTmp'
gmake: *** [Makefile:127: cmTC_0bef1/fast] Error 2


Source file was:

        #define LINUX
        #define EGL_API_FB
        #include <EGL/eglvivante.h>
        int main(int argc, char** argv) { return 0; }
Determining if files pthread_np.h exist failed with the following output:
Change Dir: /home/vchakhno/Hackathon/fractal/cpp/lib/SDL2/build/CMakeFiles/CMakeTmp

Run Build Command(s):/usr/bin/gmake -f Makefile cmTC_c78ff/fast && /usr/bin/gmake  -f CMakeFiles/cmTC_c78ff.dir/build.make CMakeFiles/cmTC_c78ff.dir/build
gmake[1]: Entering directory '/home/vchakhno/Hackathon/fractal/cpp/lib/SDL2/build/CMakeFiles/CMakeTmp'
Building C object CMakeFiles/cmTC_c78ff.dir/HAVE_PTHREAD_NP_H.c.o
/usr/bin/cc   -idirafter "/home/vchakhno/Hackathon/fractal/cpp/lib/SDL2/src/video/khronos"  -D_GNU_SOURCE=1 -D_REENTRANT -pthread -MD -MT CMakeFiles/cmTC_c78ff.dir/HAVE_PTHREAD_NP_H.c.o -MF CMakeFiles/cmTC_c78ff.dir/HAVE_PTHREAD_NP_H.c.o.d -o CMakeFiles/cmTC_c78ff.dir/HAVE_PTHREAD_NP_H.c.o -c /home/vchakhno/Hackathon/fractal/cpp/lib/SDL2/build/CMakeFiles/CheckIncludeFiles/HAVE_PTHREAD_NP_H.c
/home/vchakhno/Hackathon/fractal/cpp/lib/SDL2/build/CMakeFiles/CheckIncludeFiles/HAVE_PTHREAD_NP_H.c:2:10: fatal error: 'pthread_np.h' file not found
#include <pthread_np.h>
         ^~~~~~~~~~~~~~
1 error generated.
gmake[1]: *** [CMakeFiles/cmTC_c78ff.dir/build.make:79: CMakeFiles/cmTC_c78ff.dir/HAVE_PTHREAD_NP_H.c.o] Error 1
gmake[1]: Leaving directory '/home/vchakhno/Hackathon/fractal/cpp/lib/SDL2/build/CMakeFiles/CMakeTmp'
gmake: *** [Makefile:127: cmTC_c78ff/fast] Error 2


Source:
/* */
#include <pthread_np.h>


int main(void){return 0;}

Determining if the include file samplerate.h exists failed with the following output:
Change Dir: /home/vchakhno/Hackathon/fractal/cpp/lib/SDL2/build/CMakeFiles/CMakeTmp

Run Build Command(s):/usr/bin/gmake -f Makefile cmTC_c1f4a/fast && /usr/bin/gmake  -f CMakeFiles/cmTC_c1f4a.dir/build.make CMakeFiles/cmTC_c1f4a.dir/build
gmake[1]: Entering directory '/home/vchakhno/Hackathon/fractal/cpp/lib/SDL2/build/CMakeFiles/CMakeTmp'
Building C object CMakeFiles/cmTC_c1f4a.dir/CheckIncludeFile.c.o
/usr/bin/cc   -idirafter "/home/vchakhno/Hackathon/fractal/cpp/lib/SDL2/src/video/khronos" -DHAVE_LINUX_VERSION_H  -D_GNU_SOURCE=1 -MD -MT CMakeFiles/cmTC_c1f4a.dir/CheckIncludeFile.c.o -MF CMakeFiles/cmTC_c1f4a.dir/CheckIncludeFile.c.o.d -o CMakeFiles/cmTC_c1f4a.dir/CheckIncludeFile.c.o -c /home/vchakhno/Hackathon/fractal/cpp/lib/SDL2/build/CMakeFiles/CMakeTmp/CheckIncludeFile.c
/home/vchakhno/Hackathon/fractal/cpp/lib/SDL2/build/CMakeFiles/CMakeTmp/CheckIncludeFile.c:1:10: fatal error: 'samplerate.h' file not found
#include <samplerate.h>
         ^~~~~~~~~~~~~~
1 error generated.
gmake[1]: *** [CMakeFiles/cmTC_c1f4a.dir/build.make:79: CMakeFiles/cmTC_c1f4a.dir/CheckIncludeFile.c.o] Error 1
gmake[1]: Leaving directory '/home/vchakhno/Hackathon/fractal/cpp/lib/SDL2/build/CMakeFiles/CMakeTmp'
gmake: *** [Makefile:127: cmTC_c1f4a/fast] Error 2



